<?xml version="1.0" encoding="UTF-8"?>
<testng-results total="1" passed="1" failed="0" skipped="0">
  <reporter-output>
  </reporter-output>
  <suite started-at="2021-11-03T02:36:09Z" name="Default suite" finished-at="2021-11-03T02:36:46Z" duration-ms="36194">
    <groups>
    </groups>
    <test started-at="2021-11-03T02:36:09Z" name="Default test" finished-at="2021-11-03T02:36:46Z" duration-ms="36194">
      <class name="settings.TestFullMemberCanOnlyViewSubscription">
        <test-method is-config="true" signature="beforeClass(java.lang.String)[pri:0, instance:settings.TestFullMemberCanOnlyViewSubscription@55b7a4e0]" started-at="2021-11-02T22:36:09Z" name="beforeClass" finished-at="2021-11-02T22:36:17Z" duration-ms="7900" status="PASS">
          <params>
            <param index="0">
              <value>
                <![CDATA[chrome]]>
              </value>
            </param>
          </params>
          <reporter-output>
          </reporter-output>
        </test-method> <!-- beforeClass -->
        <test-method signature="testFullMemberCanOnlyViewSubscription()[pri:0, instance:settings.TestFullMemberCanOnlyViewSubscription@55b7a4e0]" started-at="2021-11-02T22:36:17Z" name="testFullMemberCanOnlyViewSubscription" finished-at="2021-11-02T22:36:45Z" duration-ms="27451" status="PASS">
          <reporter-output>
          </reporter-output>
        </test-method> <!-- testFullMemberCanOnlyViewSubscription -->
        <test-method is-config="true" signature="afterClass()[pri:0, instance:settings.TestFullMemberCanOnlyViewSubscription@55b7a4e0]" started-at="2021-11-02T22:36:45Z" name="afterClass" finished-at="2021-11-02T22:36:46Z" duration-ms="823" status="PASS">
          <reporter-output>
          </reporter-output>
        </test-method> <!-- afterClass -->
      </class> <!-- settings.TestFullMemberCanOnlyViewSubscription -->
    </test> <!-- Default test -->
  </suite> <!-- Default suite -->
</testng-results>
